# JRE version: OpenJDK Runtime Environment (Zulu 8.48.0.53-CA-linux64) (8.0_265-b11) (build 1.8.0_265-b11)
# Java VM: OpenJDK 64-Bit Server VM (25.265-b11 mixed mode linux-amd64 compressed oops)
Heap:
 def new generation   total 153664K, used 144571K [0x00000000e0000000, 0x00000000ea6b0000, 0x00000000eaaa0000)
  eden space 136640K, 100% used [0x00000000e0000000, 0x00000000e8570000, 0x00000000e8570000)
  from space 17024K,  46% used [0x00000000e8570000, 0x00000000e8d2ed98, 0x00000000e9610000)
  to   space 17024K,   0% used [0x00000000e9610000, 0x00000000e9610000, 0x00000000ea6b0000)
 tenured generation   total 341172K, used 224950K [0x00000000eaaa0000, 0x00000000ff7cd000, 0x0000000100000000)
   the space 341172K,  65% used [0x00000000eaaa0000, 0x00000000f864d810, 0x00000000f864da00, 0x00000000ff7cd000)
 Metaspace       used 59664K, capacity 62662K, committed 62888K, reserved 1103872K
  class space    used 7376K, capacity 8012K, committed 8112K, reserved 1048576K
GC Heap History (10 events):
Event: 989.961 GC heap before
{Heap before GC invocations=60 (full 9):
 def new generation   total 153664K, used 144510K [0x00000000e0000000, 0x00000000ea6b0000, 0x00000000eaaa0000)
  eden space 136640K, 100% used [0x00000000e0000000, 0x00000000e8570000, 0x00000000e8570000)
  from space 17024K,  46% used [0x00000000e9610000, 0x00000000e9dbf948, 0x00000000ea6b0000)
  to   space 17024K,   0% used [0x00000000e8570000, 0x00000000e8570000, 0x00000000e9610000)
 tenured generation   total 341172K, used 224139K [0x00000000eaaa0000, 0x00000000ff7cd000, 0x0000000100000000)
   the space 341172K,  65% used [0x00000000eaaa0000, 0x00000000f8582d98, 0x00000000f8582e00, 0x00000000ff7cd000)
 Metaspace       used 59641K, capacity 62594K, committed 62888K, reserved 1103872K
  class space    used 7376K, capacity 8012K, committed 8112K, reserved 1048576K
Event: 989.982 GC heap after
Heap after GC invocations=61 (full 9):
 def new generation   total 153664K, used 8185K [0x00000000e0000000, 0x00000000ea6b0000, 0x00000000eaaa0000)
  eden space 136640K,   0% used [0x00000000e0000000, 0x00000000e0000000, 0x00000000e8570000)
  from space 17024K,  48% used [0x00000000e8570000, 0x00000000e8d6e710, 0x00000000e9610000)
  to   space 17024K,   0% used [0x00000000e9610000, 0x00000000e9610000, 0x00000000ea6b0000)
 tenured generation   total 341172K, used 224349K [0x00000000eaaa0000, 0x00000000ff7cd000, 0x0000000100000000)
   the space 341172K,  65% used [0x00000000eaaa0000, 0x00000000f85b7428, 0x00000000f85b7600, 0x00000000ff7cd000)
 Metaspace       used 59641K, capacity 62594K, committed 62888K, reserved 1103872K
  class space    used 7376K, capacity 8012K, committed 8112K, reserved 1048576K
}
Event: 1043.061 GC heap before
{Heap before GC invocations=61 (full 9):
 def new generation   total 153664K, used 144825K [0x00000000e0000000, 0x00000000ea6b0000, 0x00000000eaaa0000)
  eden space 136640K, 100% used [0x00000000e0000000, 0x00000000e8570000, 0x00000000e8570000)
  from space 17024K,  48% used [0x00000000e8570000, 0x00000000e8d6e710, 0x00000000e9610000)
  to   space 17024K,   0% used [0x00000000e9610000, 0x00000000e9610000, 0x00000000ea6b0000)
 tenured generation   total 341172K, used 224349K [0x00000000eaaa0000, 0x00000000ff7cd000, 0x0000000100000000)
   the space 341172K,  65% used [0x00000000eaaa0000, 0x00000000f85b7428, 0x00000000f85b7600, 0x00000000ff7cd000)
 Metaspace       used 59650K, capacity 62594K, committed 62888K, reserved 1103872K
  class space    used 7376K, capacity 8012K, committed 8112K, reserved 1048576K
Event: 1043.080 GC heap after
Heap after GC invocations=62 (full 9):
 def new generation   total 153664K, used 8226K [0x00000000e0000000, 0x00000000ea6b0000, 0x00000000eaaa0000)
  eden space 136640K,   0% used [0x00000000e0000000, 0x00000000e0000000, 0x00000000e8570000)
  from space 17024K,  48% used [0x00000000e9610000, 0x00000000e9e18bc8, 0x00000000ea6b0000)
  to   space 17024K,   0% used [0x00000000e8570000, 0x00000000e8570000, 0x00000000e9610000)
 tenured generation   total 341172K, used 224568K [0x00000000eaaa0000, 0x00000000ff7cd000, 0x0000000100000000)
   the space 341172K,  65% used [0x00000000eaaa0000, 0x00000000f85ee308, 0x00000000f85ee400, 0x00000000ff7cd000)
 Metaspace       used 59650K, capacity 62594K, committed 62888K, reserved 1103872K
  class space    used 7376K, capacity 8012K, committed 8112K, reserved 1048576K
}
Event: 1096.061 GC heap before
{Heap before GC invocations=62 (full 9):
 def new generation   total 153664K, used 144866K [0x00000000e0000000, 0x00000000ea6b0000, 0x00000000eaaa0000)
  eden space 136640K, 100% used [0x00000000e0000000, 0x00000000e8570000, 0x00000000e8570000)
  from space 17024K,  48% used [0x00000000e9610000, 0x00000000e9e18bc8, 0x00000000ea6b0000)
  to   space 17024K,   0% used [0x00000000e8570000, 0x00000000e8570000, 0x00000000e9610000)
 tenured generation   total 341172K, used 224568K [0x00000000eaaa0000, 0x00000000ff7cd000, 0x0000000100000000)
   the space 341172K,  65% used [0x00000000eaaa0000, 0x00000000f85ee308, 0x00000000f85ee400, 0x00000000ff7cd000)
 Metaspace       used 59650K, capacity 62594K, committed 62888K, reserved 1103872K
  class space    used 7376K, capacity 8012K, committed 8112K, reserved 1048576K
Event: 1096.083 GC heap after
Heap after GC invocations=63 (full 9):
 def new generation   total 153664K, used 8203K [0x00000000e0000000, 0x00000000ea6b0000, 0x00000000eaaa0000)
  eden space 136640K,   0% used [0x00000000e0000000, 0x00000000e0000000, 0x00000000e8570000)
  from space 17024K,  48% used [0x00000000e8570000, 0x00000000e8d72e00, 0x00000000e9610000)
  to   space 17024K,   0% used [0x00000000e9610000, 0x00000000e9610000, 0x00000000ea6b0000)
 tenured generation   total 341172K, used 224715K [0x00000000eaaa0000, 0x00000000ff7cd000, 0x0000000100000000)
   the space 341172K,  65% used [0x00000000eaaa0000, 0x00000000f8612ec8, 0x00000000f8613000, 0x00000000ff7cd000)
 Metaspace       used 59650K, capacity 62594K, committed 62888K, reserved 1103872K
  class space    used 7376K, capacity 8012K, committed 8112K, reserved 1048576K
}
Event: 1149.011 GC heap before
{Heap before GC invocations=63 (full 9):
 def new generation   total 153664K, used 144843K [0x00000000e0000000, 0x00000000ea6b0000, 0x00000000eaaa0000)
  eden space 136640K, 100% used [0x00000000e0000000, 0x00000000e8570000, 0x00000000e8570000)
  from space 17024K,  48% used [0x00000000e8570000, 0x00000000e8d72e00, 0x00000000e9610000)
  to   space 17024K,   0% used [0x00000000e9610000, 0x00000000e9610000, 0x00000000ea6b0000)
 tenured generation   total 341172K, used 224715K [0x00000000eaaa0000, 0x00000000ff7cd000, 0x0000000100000000)
   the space 341172K,  65% used [0x00000000eaaa0000, 0x00000000f8612ec8, 0x00000000f8613000, 0x00000000ff7cd000)
 Metaspace       used 59650K, capacity 62594K, committed 62888K, reserved 1103872K
  class space    used 7376K, capacity 8012K, committed 8112K, reserved 1048576K
Event: 1149.033 GC heap after
Heap after GC invocations=64 (full 9):
 def new generation   total 153664K, used 7914K [0x00000000e0000000, 0x00000000ea6b0000, 0x00000000eaaa0000)
  eden space 136640K,   0% used [0x00000000e0000000, 0x00000000e0000000, 0x00000000e8570000)
  from space 17024K,  46% used [0x00000000e9610000, 0x00000000e9dcabf8, 0x00000000ea6b0000)
  to   space 17024K,   0% used [0x00000000e8570000, 0x00000000e8570000, 0x00000000e9610000)
 tenured generation   total 341172K, used 224796K [0x00000000eaaa0000, 0x00000000ff7cd000, 0x0000000100000000)
   the space 341172K,  65% used [0x00000000eaaa0000, 0x00000000f86270b0, 0x00000000f8627200, 0x00000000ff7cd000)
 Metaspace       used 59650K, capacity 62594K, committed 62888K, reserved 1103872K
  class space    used 7376K, capacity 8012K, committed 8112K, reserved 1048576K
}
Event: 1197.410 GC heap before
{Heap before GC invocations=64 (full 9):
 def new generation   total 153664K, used 144554K [0x00000000e0000000, 0x00000000ea6b0000, 0x00000000eaaa0000)
  eden space 136640K, 100% used [0x00000000e0000000, 0x00000000e8570000, 0x00000000e8570000)
  from space 17024K,  46% used [0x00000000e9610000, 0x00000000e9dcabf8, 0x00000000ea6b0000)
  to   space 17024K,   0% used [0x00000000e8570000, 0x00000000e8570000, 0x00000000e9610000)
 tenured generation   total 341172K, used 224796K [0x00000000eaaa0000, 0x00000000ff7cd000, 0x0000000100000000)
   the space 341172K,  65% used [0x00000000eaaa0000, 0x00000000f86270b0, 0x00000000f8627200, 0x00000000ff7cd000)
 Metaspace       used 59664K, capacity 62662K, committed 62888K, reserved 1103872K
  class space    used 7376K, capacity 8012K, committed 8112K, reserved 1048576K
Event: 1197.436 GC heap after
Heap after GC invocations=65 (full 9):
 def new generation   total 153664K, used 7931K [0x00000000e0000000, 0x00000000ea6b0000, 0x00000000eaaa0000)
  eden space 136640K,   0% used [0x00000000e0000000, 0x00000000e0000000, 0x00000000e8570000)
  from space 17024K,  46% used [0x00000000e8570000, 0x00000000e8d2ed98, 0x00000000e9610000)
  to   space 17024K,   0% used [0x00000000e9610000, 0x00000000e9610000, 0x00000000ea6b0000)
 tenured generation   total 341172K, used 224950K [0x00000000eaaa0000, 0x00000000ff7cd000, 0x0000000100000000)
   the space 341172K,  65% used [0x00000000eaaa0000, 0x00000000f864d810, 0x00000000f864da00, 0x00000000ff7cd000)
 Metaspace       used 59664K, capacity 62662K, committed 62888K, reserved 1103872K
  class space    used 7376K, capacity 8012K, committed 8112K, reserved 1048576K
}

