# JRE version: OpenJDK Runtime Environment (Zulu 8.48.0.53-CA-linux64) (8.0_265-b11) (build 1.8.0_265-b11)
# Java VM: OpenJDK 64-Bit Server VM (25.265-b11 mixed mode linux-amd64 compressed oops)
Heap:
 def new generation   total 153536K, used 69228K [0x00000000e0000000, 0x00000000ea690000, 0x00000000eaaa0000)
  eden space 136512K,  44% used [0x00000000e0000000, 0x00000000e3bede30, 0x00000000e8550000)
  from space 17024K,  46% used [0x00000000e8550000, 0x00000000e8cfd498, 0x00000000e95f0000)
  to   space 17024K,   0% used [0x00000000e95f0000, 0x00000000e95f0000, 0x00000000ea690000)
 tenured generation   total 341036K, used 279196K [0x00000000eaaa0000, 0x00000000ff7ab000, 0x0000000100000000)
   the space 341036K,  81% used [0x00000000eaaa0000, 0x00000000fbb47168, 0x00000000fbb47200, 0x00000000ff7ab000)
 Metaspace       used 59836K, capacity 62778K, committed 62888K, reserved 1103872K
  class space    used 7372K, capacity 8018K, committed 8112K, reserved 1048576K
GC Heap History (10 events):
Event: 3128.696 GC heap before
{Heap before GC invocations=132 (full 9):
 def new generation   total 153536K, used 144159K [0x00000000e0000000, 0x00000000ea690000, 0x00000000eaaa0000)
  eden space 136512K, 100% used [0x00000000e0000000, 0x00000000e8550000, 0x00000000e8550000)
  from space 17024K,  44% used [0x00000000e95f0000, 0x00000000e9d67cd8, 0x00000000ea690000)
  to   space 17024K,   0% used [0x00000000e8550000, 0x00000000e8550000, 0x00000000e95f0000)
 tenured generation   total 341036K, used 278566K [0x00000000eaaa0000, 0x00000000ff7ab000, 0x0000000100000000)
   the space 341036K,  81% used [0x00000000eaaa0000, 0x00000000fbaa9b88, 0x00000000fbaa9c00, 0x00000000ff7ab000)
 Metaspace       used 59809K, capacity 62770K, committed 62888K, reserved 1103872K
  class space    used 7372K, capacity 8018K, committed 8112K, reserved 1048576K
Event: 3128.727 GC heap after
Heap after GC invocations=133 (full 9):
 def new generation   total 153536K, used 7624K [0x00000000e0000000, 0x00000000ea690000, 0x00000000eaaa0000)
  eden space 136512K,   0% used [0x00000000e0000000, 0x00000000e0000000, 0x00000000e8550000)
  from space 17024K,  44% used [0x00000000e8550000, 0x00000000e8cc20d8, 0x00000000e95f0000)
  to   space 17024K,   0% used [0x00000000e95f0000, 0x00000000e95f0000, 0x00000000ea690000)
 tenured generation   total 341036K, used 278833K [0x00000000eaaa0000, 0x00000000ff7ab000, 0x0000000100000000)
   the space 341036K,  81% used [0x00000000eaaa0000, 0x00000000fbaec600, 0x00000000fbaec600, 0x00000000ff7ab000)
 Metaspace       used 59809K, capacity 62770K, committed 62888K, reserved 1103872K
  class space    used 7372K, capacity 8018K, committed 8112K, reserved 1048576K
}
Event: 3167.190 GC heap before
{Heap before GC invocations=133 (full 9):
 def new generation   total 153536K, used 144136K [0x00000000e0000000, 0x00000000ea690000, 0x00000000eaaa0000)
  eden space 136512K, 100% used [0x00000000e0000000, 0x00000000e8550000, 0x00000000e8550000)
  from space 17024K,  44% used [0x00000000e8550000, 0x00000000e8cc20d8, 0x00000000e95f0000)
  to   space 17024K,   0% used [0x00000000e95f0000, 0x00000000e95f0000, 0x00000000ea690000)
 tenured generation   total 341036K, used 278833K [0x00000000eaaa0000, 0x00000000ff7ab000, 0x0000000100000000)
   the space 341036K,  81% used [0x00000000eaaa0000, 0x00000000fbaec600, 0x00000000fbaec600, 0x00000000ff7ab000)
 Metaspace       used 59823K, capacity 62770K, committed 62888K, reserved 1103872K
  class space    used 7372K, capacity 8018K, committed 8112K, reserved 1048576K
Event: 3167.231 GC heap after
Heap after GC invocations=134 (full 9):
 def new generation   total 153536K, used 7206K [0x00000000e0000000, 0x00000000ea690000, 0x00000000eaaa0000)
  eden space 136512K,   0% used [0x00000000e0000000, 0x00000000e0000000, 0x00000000e8550000)
  from space 17024K,  42% used [0x00000000e95f0000, 0x00000000e9cf9b58, 0x00000000ea690000)
  to   space 17024K,   0% used [0x00000000e8550000, 0x00000000e8550000, 0x00000000e95f0000)
 tenured generation   total 341036K, used 279057K [0x00000000eaaa0000, 0x00000000ff7ab000, 0x0000000100000000)
   the space 341036K,  81% used [0x00000000eaaa0000, 0x00000000fbb24528, 0x00000000fbb24600, 0x00000000ff7ab000)
 Metaspace       used 59823K, capacity 62770K, committed 62888K, reserved 1103872K
  class space    used 7372K, capacity 8018K, committed 8112K, reserved 1048576K
}
Event: 3206.488 GC heap before
{Heap before GC invocations=134 (full 9):
 def new generation   total 153536K, used 143718K [0x00000000e0000000, 0x00000000ea690000, 0x00000000eaaa0000)
  eden space 136512K, 100% used [0x00000000e0000000, 0x00000000e8550000, 0x00000000e8550000)
  from space 17024K,  42% used [0x00000000e95f0000, 0x00000000e9cf9b58, 0x00000000ea690000)
  to   space 17024K,   0% used [0x00000000e8550000, 0x00000000e8550000, 0x00000000e95f0000)
 tenured generation   total 341036K, used 279057K [0x00000000eaaa0000, 0x00000000ff7ab000, 0x0000000100000000)
   the space 341036K,  81% used [0x00000000eaaa0000, 0x00000000fbb24528, 0x00000000fbb24600, 0x00000000ff7ab000)
 Metaspace       used 59824K, capacity 62770K, committed 62888K, reserved 1103872K
  class space    used 7372K, capacity 8018K, committed 8112K, reserved 1048576K
Event: 3206.510 GC heap after
Heap after GC invocations=135 (full 9):
 def new generation   total 153536K, used 7179K [0x00000000e0000000, 0x00000000ea690000, 0x00000000eaaa0000)
  eden space 136512K,   0% used [0x00000000e0000000, 0x00000000e0000000, 0x00000000e8550000)
  from space 17024K,  42% used [0x00000000e8550000, 0x00000000e8c52df8, 0x00000000e95f0000)
  to   space 17024K,   0% used [0x00000000e95f0000, 0x00000000e95f0000, 0x00000000ea690000)
 tenured generation   total 341036K, used 279114K [0x00000000eaaa0000, 0x00000000ff7ab000, 0x0000000100000000)
   the space 341036K,  81% used [0x00000000eaaa0000, 0x00000000fbb328c8, 0x00000000fbb32a00, 0x00000000ff7ab000)
 Metaspace       used 59824K, capacity 62770K, committed 62888K, reserved 1103872K
  class space    used 7372K, capacity 8018K, committed 8112K, reserved 1048576K
}
Event: 3244.489 GC heap before
{Heap before GC invocations=135 (full 9):
 def new generation   total 153536K, used 143691K [0x00000000e0000000, 0x00000000ea690000, 0x00000000eaaa0000)
  eden space 136512K, 100% used [0x00000000e0000000, 0x00000000e8550000, 0x00000000e8550000)
  from space 17024K,  42% used [0x00000000e8550000, 0x00000000e8c52df8, 0x00000000e95f0000)
  to   space 17024K,   0% used [0x00000000e95f0000, 0x00000000e95f0000, 0x00000000ea690000)
 tenured generation   total 341036K, used 279114K [0x00000000eaaa0000, 0x00000000ff7ab000, 0x0000000100000000)
   the space 341036K,  81% used [0x00000000eaaa0000, 0x00000000fbb328c8, 0x00000000fbb32a00, 0x00000000ff7ab000)
 Metaspace       used 59836K, capacity 62778K, committed 62888K, reserved 1103872K
  class space    used 7372K, capacity 8018K, committed 8112K, reserved 1048576K
Event: 3244.513 GC heap after
Heap after GC invocations=136 (full 9):
 def new generation   total 153536K, used 7556K [0x00000000e0000000, 0x00000000ea690000, 0x00000000eaaa0000)
  eden space 136512K,   0% used [0x00000000e0000000, 0x00000000e0000000, 0x00000000e8550000)
  from space 17024K,  44% used [0x00000000e95f0000, 0x00000000e9d51228, 0x00000000ea690000)
  to   space 17024K,   0% used [0x00000000e8550000, 0x00000000e8550000, 0x00000000e95f0000)
 tenured generation   total 341036K, used 279135K [0x00000000eaaa0000, 0x00000000ff7ab000, 0x0000000100000000)
   the space 341036K,  81% used [0x00000000eaaa0000, 0x00000000fbb37fb8, 0x00000000fbb38000, 0x00000000ff7ab000)
 Metaspace       used 59836K, capacity 62778K, committed 62888K, reserved 1103872K
  class space    used 7372K, capacity 8018K, committed 8112K, reserved 1048576K
}
Event: 3284.938 GC heap before
{Heap before GC invocations=136 (full 9):
 def new generation   total 153536K, used 144068K [0x00000000e0000000, 0x00000000ea690000, 0x00000000eaaa0000)
  eden space 136512K, 100% used [0x00000000e0000000, 0x00000000e8550000, 0x00000000e8550000)
  from space 17024K,  44% used [0x00000000e95f0000, 0x00000000e9d51228, 0x00000000ea690000)
  to   space 17024K,   0% used [0x00000000e8550000, 0x00000000e8550000, 0x00000000e95f0000)
 tenured generation   total 341036K, used 279135K [0x00000000eaaa0000, 0x00000000ff7ab000, 0x0000000100000000)
   the space 341036K,  81% used [0x00000000eaaa0000, 0x00000000fbb37fb8, 0x00000000fbb38000, 0x00000000ff7ab000)
 Metaspace       used 59836K, capacity 62778K, committed 62888K, reserved 1103872K
  class space    used 7372K, capacity 8018K, committed 8112K, reserved 1048576K
Event: 3284.961 GC heap after
Heap after GC invocations=137 (full 9):
 def new generation   total 153536K, used 7861K [0x00000000e0000000, 0x00000000ea690000, 0x00000000eaaa0000)
  eden space 136512K,   0% used [0x00000000e0000000, 0x00000000e0000000, 0x00000000e8550000)
  from space 17024K,  46% used [0x00000000e8550000, 0x00000000e8cfd498, 0x00000000e95f0000)
  to   space 17024K,   0% used [0x00000000e95f0000, 0x00000000e95f0000, 0x00000000ea690000)
 tenured generation   total 341036K, used 279196K [0x00000000eaaa0000, 0x00000000ff7ab000, 0x0000000100000000)
   the space 341036K,  81% used [0x00000000eaaa0000, 0x00000000fbb47168, 0x00000000fbb47200, 0x00000000ff7ab000)
 Metaspace       used 59836K, capacity 62778K, committed 62888K, reserved 1103872K
  class space    used 7372K, capacity 8018K, committed 8112K, reserved 1048576K
}

