# JRE version: OpenJDK Runtime Environment (Zulu 8.48.0.53-CA-linux64) (8.0_265-b11) (build 1.8.0_265-b11)
# Java VM: OpenJDK 64-Bit Server VM (25.265-b11 mixed mode linux-amd64 compressed oops)
Heap:
 PSYoungGen      total 116736K, used 42903K [0x00000000f5580000, 0x0000000100000000, 0x0000000100000000)
  eden space 58880K, 67% used [0x00000000f5580000,0x00000000f7c71b20,0x00000000f8f00000)
  from space 57856K, 5% used [0x00000000fc780000,0x00000000fca74278,0x0000000100000000)
  to   space 57856K, 0% used [0x00000000f8f00000,0x00000000f8f00000,0x00000000fc780000)
 ParOldGen       total 324096K, used 223055K [0x00000000e0000000, 0x00000000f3c80000, 0x00000000f5580000)
  object space 324096K, 68% used [0x00000000e0000000,0x00000000ed9d3df0,0x00000000f3c80000)
 Metaspace       used 58201K, capacity 61098K, committed 61352K, reserved 1103872K
  class space    used 7252K, capacity 7852K, committed 7856K, reserved 1048576K
GC Heap History (10 events):
Event: 81.628 GC heap before
{Heap before GC invocations=21 (full 2):
 PSYoungGen      total 116736K, used 13159K [0x00000000f5580000, 0x0000000100000000, 0x0000000100000000)
  eden space 58880K, 16% used [0x00000000f5580000,0x00000000f5edc380,0x00000000f8f00000)
  from space 57856K, 6% used [0x00000000fc780000,0x00000000fcafd920,0x0000000100000000)
  to   space 57856K, 0% used [0x00000000f8f00000,0x00000000f8f00000,0x00000000fc780000)
 ParOldGen       total 324096K, used 242687K [0x00000000e0000000, 0x00000000f3c80000, 0x00000000f5580000)
  object space 324096K, 74% used [0x00000000e0000000,0x00000000eecffda0,0x00000000f3c80000)
 Metaspace       used 55712K, capacity 58390K, committed 58536K, reserved 1099776K
  class space    used 6963K, capacity 7494K, committed 7600K, reserved 1048576K
Event: 81.649 GC heap after
Heap after GC invocations=21 (full 2):
 PSYoungGen      total 116736K, used 736K [0x00000000f5580000, 0x0000000100000000, 0x0000000100000000)
  eden space 58880K, 0% used [0x00000000f5580000,0x00000000f5580000,0x00000000f8f00000)
  from space 57856K, 1% used [0x00000000f8f00000,0x00000000f8fb80a8,0x00000000fc780000)
  to   space 57856K, 0% used [0x00000000fc780000,0x00000000fc780000,0x0000000100000000)
 ParOldGen       total 324096K, used 245326K [0x00000000e0000000, 0x00000000f3c80000, 0x00000000f5580000)
  object space 324096K, 75% used [0x00000000e0000000,0x00000000eef93bd0,0x00000000f3c80000)
 Metaspace       used 55712K, capacity 58390K, committed 58536K, reserved 1099776K
  class space    used 6963K, capacity 7494K, committed 7600K, reserved 1048576K
}
Event: 81.649 GC heap before
{Heap before GC invocations=22 (full 3):
 PSYoungGen      total 116736K, used 736K [0x00000000f5580000, 0x0000000100000000, 0x0000000100000000)
  eden space 58880K, 0% used [0x00000000f5580000,0x00000000f5580000,0x00000000f8f00000)
  from space 57856K, 1% used [0x00000000f8f00000,0x00000000f8fb80a8,0x00000000fc780000)
  to   space 57856K, 0% used [0x00000000fc780000,0x00000000fc780000,0x0000000100000000)
 ParOldGen       total 324096K, used 245326K [0x00000000e0000000, 0x00000000f3c80000, 0x00000000f5580000)
  object space 324096K, 75% used [0x00000000e0000000,0x00000000eef93bd0,0x00000000f3c80000)
 Metaspace       used 55712K, capacity 58390K, committed 58536K, reserved 1099776K
  class space    used 6963K, capacity 7494K, committed 7600K, reserved 1048576K
Event: 84.529 GC heap after
Heap after GC invocations=22 (full 3):
 PSYoungGen      total 116736K, used 0K [0x00000000f5580000, 0x0000000100000000, 0x0000000100000000)
  eden space 58880K, 0% used [0x00000000f5580000,0x00000000f5580000,0x00000000f8f00000)
  from space 57856K, 0% used [0x00000000f8f00000,0x00000000f8f00000,0x00000000fc780000)
  to   space 57856K, 0% used [0x00000000fc780000,0x00000000fc780000,0x0000000100000000)
 ParOldGen       total 324096K, used 221308K [0x00000000e0000000, 0x00000000f3c80000, 0x00000000f5580000)
  object space 324096K, 68% used [0x00000000e0000000,0x00000000ed81f0a0,0x00000000f3c80000)
 Metaspace       used 55712K, capacity 58390K, committed 58536K, reserved 1099776K
  class space    used 6963K, capacity 7494K, committed 7600K, reserved 1048576K
}
Event: 88.123 GC heap before
{Heap before GC invocations=23 (full 3):
 PSYoungGen      total 116736K, used 58880K [0x00000000f5580000, 0x0000000100000000, 0x0000000100000000)
  eden space 58880K, 100% used [0x00000000f5580000,0x00000000f8f00000,0x00000000f8f00000)
  from space 57856K, 0% used [0x00000000f8f00000,0x00000000f8f00000,0x00000000fc780000)
  to   space 57856K, 0% used [0x00000000fc780000,0x00000000fc780000,0x0000000100000000)
 ParOldGen       total 324096K, used 221308K [0x00000000e0000000, 0x00000000f3c80000, 0x00000000f5580000)
  object space 324096K, 68% used [0x00000000e0000000,0x00000000ed81f0a0,0x00000000f3c80000)
 Metaspace       used 55970K, capacity 58594K, committed 58792K, reserved 1099776K
  class space    used 6981K, capacity 7496K, committed 7600K, reserved 1048576K
Event: 88.134 GC heap after
Heap after GC invocations=23 (full 3):
 PSYoungGen      total 116736K, used 1521K [0x00000000f5580000, 0x0000000100000000, 0x0000000100000000)
  eden space 58880K, 0% used [0x00000000f5580000,0x00000000f5580000,0x00000000f8f00000)
  from space 57856K, 2% used [0x00000000fc780000,0x00000000fc8fc478,0x0000000100000000)
  to   space 57856K, 0% used [0x00000000f8f00000,0x00000000f8f00000,0x00000000fc780000)
 ParOldGen       total 324096K, used 221316K [0x00000000e0000000, 0x00000000f3c80000, 0x00000000f5580000)
  object space 324096K, 68% used [0x00000000e0000000,0x00000000ed8210a0,0x00000000f3c80000)
 Metaspace       used 55970K, capacity 58594K, committed 58792K, reserved 1099776K
  class space    used 6981K, capacity 7496K, committed 7600K, reserved 1048576K
}
Event: 90.122 GC heap before
{Heap before GC invocations=24 (full 3):
 PSYoungGen      total 116736K, used 60401K [0x00000000f5580000, 0x0000000100000000, 0x0000000100000000)
  eden space 58880K, 100% used [0x00000000f5580000,0x00000000f8f00000,0x00000000f8f00000)
  from space 57856K, 2% used [0x00000000fc780000,0x00000000fc8fc478,0x0000000100000000)
  to   space 57856K, 0% used [0x00000000f8f00000,0x00000000f8f00000,0x00000000fc780000)
 ParOldGen       total 324096K, used 221316K [0x00000000e0000000, 0x00000000f3c80000, 0x00000000f5580000)
  object space 324096K, 68% used [0x00000000e0000000,0x00000000ed8210a0,0x00000000f3c80000)
 Metaspace       used 56737K, capacity 59478K, committed 59688K, reserved 1101824K
  class space    used 7110K, capacity 7670K, committed 7728K, reserved 1048576K
Event: 90.130 GC heap after
Heap after GC invocations=24 (full 3):
 PSYoungGen      total 116736K, used 1692K [0x00000000f5580000, 0x0000000100000000, 0x0000000100000000)
  eden space 58880K, 0% used [0x00000000f5580000,0x00000000f5580000,0x00000000f8f00000)
  from space 57856K, 2% used [0x00000000f8f00000,0x00000000f90a7108,0x00000000fc780000)
  to   space 57856K, 0% used [0x00000000fc780000,0x00000000fc780000,0x0000000100000000)
 ParOldGen       total 324096K, used 221943K [0x00000000e0000000, 0x00000000f3c80000, 0x00000000f5580000)
  object space 324096K, 68% used [0x00000000e0000000,0x00000000ed8bdd78,0x00000000f3c80000)
 Metaspace       used 56737K, capacity 59478K, committed 59688K, reserved 1101824K
  class space    used 7110K, capacity 7670K, committed 7728K, reserved 1048576K
}
Event: 92.349 GC heap before
{Heap before GC invocations=25 (full 3):
 PSYoungGen      total 116736K, used 60572K [0x00000000f5580000, 0x0000000100000000, 0x0000000100000000)
  eden space 58880K, 100% used [0x00000000f5580000,0x00000000f8f00000,0x00000000f8f00000)
  from space 57856K, 2% used [0x00000000f8f00000,0x00000000f90a7108,0x00000000fc780000)
  to   space 57856K, 0% used [0x00000000fc780000,0x00000000fc780000,0x0000000100000000)
 ParOldGen       total 324096K, used 221943K [0x00000000e0000000, 0x00000000f3c80000, 0x00000000f5580000)
  object space 324096K, 68% used [0x00000000e0000000,0x00000000ed8bdd78,0x00000000f3c80000)
 Metaspace       used 57080K, capacity 59902K, committed 59944K, reserved 1101824K
  class space    used 7144K, capacity 7714K, committed 7728K, reserved 1048576K
Event: 92.357 GC heap after
Heap after GC invocations=25 (full 3):
 PSYoungGen      total 116736K, used 3024K [0x00000000f5580000, 0x0000000100000000, 0x0000000100000000)
  eden space 58880K, 0% used [0x00000000f5580000,0x00000000f5580000,0x00000000f8f00000)
  from space 57856K, 5% used [0x00000000fc780000,0x00000000fca74278,0x0000000100000000)
  to   space 57856K, 0% used [0x00000000f8f00000,0x00000000f8f00000,0x00000000fc780000)
 ParOldGen       total 324096K, used 223055K [0x00000000e0000000, 0x00000000f3c80000, 0x00000000f5580000)
  object space 324096K, 68% used [0x00000000e0000000,0x00000000ed9d3df0,0x00000000f3c80000)
 Metaspace       used 57080K, capacity 59902K, committed 59944K, reserved 1101824K
  class space    used 7144K, capacity 7714K, committed 7728K, reserved 1048576K
}

